\BOOKMARK [0][-]{chapter.1}{\376\377\0001\000\040\000N\000A\000U\000D\000O\000J\000I\000M\000O\000S\000I\000\040\000I\000N\000S\000T\000R\000U\000K\000C\000I\000J\000A\000:}{}% 1
\BOOKMARK [1][-]{section.1.1}{\376\377\0001\000.\0001\000\040\000N\000a\000u\000j\000i\000e\000n\000o\000s}{chapter.1}% 2
\BOOKMARK [1][-]{section.1.2}{\376\377\0001\000.\0002\000\040\000K\001\005\000\040\000j\000i\000e\000\040\000d\000a\000r\000o\000?}{chapter.1}% 3
\BOOKMARK [1][-]{section.1.3}{\376\377\0001\000.\0003\000\040\000V\0001\000.\0005}{chapter.1}% 4
\BOOKMARK [0][-]{chapter.2}{\376\377\0002\000\040\000H\000i\000e\000r\000a\000r\000c\000h\000i\000c\000a\000l\000\040\000I\000n\000d\000e\000x}{}% 5
\BOOKMARK [1][-]{section.2.1}{\376\377\0002\000.\0001\000\040\000C\000l\000a\000s\000s\000\040\000H\000i\000e\000r\000a\000r\000c\000h\000y}{chapter.2}% 6
\BOOKMARK [0][-]{chapter.3}{\376\377\0003\000\040\000C\000l\000a\000s\000s\000\040\000I\000n\000d\000e\000x}{}% 7
\BOOKMARK [1][-]{section.3.1}{\376\377\0003\000.\0001\000\040\000C\000l\000a\000s\000s\000\040\000L\000i\000s\000t}{chapter.3}% 8
\BOOKMARK [0][-]{chapter.4}{\376\377\0004\000\040\000F\000i\000l\000e\000\040\000I\000n\000d\000e\000x}{}% 9
\BOOKMARK [1][-]{section.4.1}{\376\377\0004\000.\0001\000\040\000F\000i\000l\000e\000\040\000L\000i\000s\000t}{chapter.4}% 10
\BOOKMARK [0][-]{chapter.5}{\376\377\0005\000\040\000C\000l\000a\000s\000s\000\040\000D\000o\000c\000u\000m\000e\000n\000t\000a\000t\000i\000o\000n}{}% 11
\BOOKMARK [1][-]{section.5.1}{\376\377\0005\000.\0001\000\040\000S\000t\000u\000d\000\040\000S\000t\000r\000u\000c\000t\000\040\000R\000e\000f\000e\000r\000e\000n\000c\000e}{chapter.5}% 12
\BOOKMARK [2][-]{subsection.5.1.1}{\376\377\0005\000.\0001\000.\0001\000\040\000C\000o\000n\000s\000t\000r\000u\000c\000t\000o\000r\000\040\000\046\000\040\000D\000e\000s\000t\000r\000u\000c\000t\000o\000r\000\040\000D\000o\000c\000u\000m\000e\000n\000t\000a\000t\000i\000o\000n}{section.5.1}% 13
\BOOKMARK [3][-]{subsubsection.5.1.1.1}{\376\377\0005\000.\0001\000.\0001\000.\0001\000\040\000S\000t\000u\000d\000\050\000\051\000\040\000[\0001\000/\0005\000]}{subsection.5.1.1}% 14
\BOOKMARK [3][-]{subsubsection.5.1.1.2}{\376\377\0005\000.\0001\000.\0001\000.\0002\000\040\000~\000S\000t\000u\000d\000\050\000\051}{subsection.5.1.1}% 15
\BOOKMARK [3][-]{subsubsection.5.1.1.3}{\376\377\0005\000.\0001\000.\0001\000.\0003\000\040\000S\000t\000u\000d\000\050\000\051\000\040\000[\0002\000/\0005\000]}{subsection.5.1.1}% 16
\BOOKMARK [3][-]{subsubsection.5.1.1.4}{\376\377\0005\000.\0001\000.\0001\000.\0004\000\040\000S\000t\000u\000d\000\050\000\051\000\040\000[\0003\000/\0005\000]}{subsection.5.1.1}% 17
\BOOKMARK [3][-]{subsubsection.5.1.1.5}{\376\377\0005\000.\0001\000.\0001\000.\0005\000\040\000S\000t\000u\000d\000\050\000\051\000\040\000[\0004\000/\0005\000]}{subsection.5.1.1}% 18
\BOOKMARK [3][-]{subsubsection.5.1.1.6}{\376\377\0005\000.\0001\000.\0001\000.\0006\000\040\000S\000t\000u\000d\000\050\000\051\000\040\000[\0005\000/\0005\000]}{subsection.5.1.1}% 19
\BOOKMARK [2][-]{subsection.5.1.2}{\376\377\0005\000.\0001\000.\0002\000\040\000M\000e\000m\000b\000e\000r\000\040\000F\000u\000n\000c\000t\000i\000o\000n\000\040\000D\000o\000c\000u\000m\000e\000n\000t\000a\000t\000i\000o\000n}{section.5.1}% 20
\BOOKMARK [3][-]{subsubsection.5.1.2.1}{\376\377\0005\000.\0001\000.\0002\000.\0001\000\040\000a\000d\000d\000P\000a\000z\000\050\000\051}{subsection.5.1.2}% 21
\BOOKMARK [3][-]{subsubsection.5.1.2.2}{\376\377\0005\000.\0001\000.\0002\000.\0002\000\040\000c\000l\000e\000a\000r\000P\000a\000z\000\050\000\051}{subsection.5.1.2}% 22
\BOOKMARK [3][-]{subsubsection.5.1.2.3}{\376\377\0005\000.\0001\000.\0002\000.\0003\000\040\000g\000a\000l\000u\000t\000i\000n\000i\000s\000\137\000m\000e\000d\000i\000a\000n\000a\000\050\000\051}{subsection.5.1.2}% 23
\BOOKMARK [3][-]{subsubsection.5.1.2.4}{\376\377\0005\000.\0001\000.\0002\000.\0004\000\040\000g\000a\000l\000u\000t\000i\000n\000i\000s\000\137\000v\000i\000d\000u\000r\000k\000i\000s\000\050\000\051}{subsection.5.1.2}% 24
\BOOKMARK [3][-]{subsubsection.5.1.2.5}{\376\377\0005\000.\0001\000.\0002\000.\0005\000\040\000g\000e\000t\000E\000g\000z\000a\000m\000i\000n\000a\000s\000\050\000\051}{subsection.5.1.2}% 25
\BOOKMARK [3][-]{subsubsection.5.1.2.6}{\376\377\0005\000.\0001\000.\0002\000.\0006\000\040\000g\000e\000t\000G\000a\000l\000u\000t\000i\000n\000i\000s\000\050\000\051}{subsection.5.1.2}% 26
\BOOKMARK [3][-]{subsubsection.5.1.2.7}{\376\377\0005\000.\0001\000.\0002\000.\0007\000\040\000g\000e\000t\000M\000e\000d\000i\000a\000n\000a\000\050\000\051}{subsection.5.1.2}% 27
\BOOKMARK [3][-]{subsubsection.5.1.2.8}{\376\377\0005\000.\0001\000.\0002\000.\0008\000\040\000g\000e\000t\000N\000d\000v\000i\000d\000\050\000\051}{subsection.5.1.2}% 28
\BOOKMARK [3][-]{subsubsection.5.1.2.9}{\376\377\0005\000.\0001\000.\0002\000.\0009\000\040\000g\000e\000t\000P\000a\000z\000y\000m\000i\000a\000i\000\050\000\051}{subsection.5.1.2}% 29
\BOOKMARK [3][-]{subsubsection.5.1.2.10}{\376\377\0005\000.\0001\000.\0002\000.\0001\0000\000\040\000o\000p\000e\000r\000a\000t\000o\000r\000=\000\050\000\051\000\040\000[\0001\000/\0002\000]}{subsection.5.1.2}% 30
\BOOKMARK [3][-]{subsubsection.5.1.2.11}{\376\377\0005\000.\0001\000.\0002\000.\0001\0001\000\040\000o\000p\000e\000r\000a\000t\000o\000r\000=\000\050\000\051\000\040\000[\0002\000/\0002\000]}{subsection.5.1.2}% 31
\BOOKMARK [3][-]{subsubsection.5.1.2.12}{\376\377\0005\000.\0001\000.\0002\000.\0001\0002\000\040\000p\000a\000s\000k\000a\000i\000c\000i\000u\000o\000t\000i\000\137\000g\000a\000l\000\050\000\051}{subsection.5.1.2}% 32
\BOOKMARK [3][-]{subsubsection.5.1.2.13}{\376\377\0005\000.\0001\000.\0002\000.\0001\0003\000\040\000p\000a\000s\000k\000a\000i\000c\000i\000u\000o\000t\000i\000\137\000v\000i\000d\000\137\000i\000r\000\137\000m\000e\000d\000\050\000\051}{subsection.5.1.2}% 33
\BOOKMARK [3][-]{subsubsection.5.1.2.14}{\376\377\0005\000.\0001\000.\0002\000.\0001\0004\000\040\000p\000r\000i\000n\000t\000\050\000\051}{subsection.5.1.2}% 34
\BOOKMARK [3][-]{subsubsection.5.1.2.15}{\376\377\0005\000.\0001\000.\0002\000.\0001\0005\000\040\000r\000e\000a\000d\000\050\000\051}{subsection.5.1.2}% 35
\BOOKMARK [3][-]{subsubsection.5.1.2.16}{\376\377\0005\000.\0001\000.\0002\000.\0001\0006\000\040\000r\000e\000a\000d\000S\000t\000u\000d\000e\000n\000t\000\050\000\051}{subsection.5.1.2}% 36
\BOOKMARK [3][-]{subsubsection.5.1.2.17}{\376\377\0005\000.\0001\000.\0002\000.\0001\0007\000\040\000s\000e\000t\000E\000g\000r\000e\000z\000\050\000\051}{subsection.5.1.2}% 37
\BOOKMARK [3][-]{subsubsection.5.1.2.18}{\376\377\0005\000.\0001\000.\0002\000.\0001\0008\000\040\000s\000e\000t\000G\000a\000l\000\050\000\051}{subsection.5.1.2}% 38
\BOOKMARK [3][-]{subsubsection.5.1.2.19}{\376\377\0005\000.\0001\000.\0002\000.\0001\0009\000\040\000s\000e\000t\000M\000e\000d\000\050\000\051}{subsection.5.1.2}% 39
\BOOKMARK [3][-]{subsubsection.5.1.2.20}{\376\377\0005\000.\0001\000.\0002\000.\0002\0000\000\040\000s\000e\000t\000N\000d\000v\000i\000d\000\050\000\051}{subsection.5.1.2}% 40
\BOOKMARK [3][-]{subsubsection.5.1.2.21}{\376\377\0005\000.\0001\000.\0002\000.\0002\0001\000\040\000s\000e\000t\000P\000a\000v\000\050\000\051}{subsection.5.1.2}% 41
\BOOKMARK [3][-]{subsubsection.5.1.2.22}{\376\377\0005\000.\0001\000.\0002\000.\0002\0002\000\040\000s\000e\000t\000V\000a\000r\000\050\000\051}{subsection.5.1.2}% 42
\BOOKMARK [2][-]{subsection.5.1.3}{\376\377\0005\000.\0001\000.\0003\000\040\000F\000r\000i\000e\000n\000d\000s\000\040\000A\000n\000d\000\040\000R\000e\000l\000a\000t\000e\000d\000\040\000S\000y\000m\000b\000o\000l\000\040\000D\000o\000c\000u\000m\000e\000n\000t\000a\000t\000i\000o\000n}{section.5.1}% 43
\BOOKMARK [3][-]{subsubsection.5.1.3.1}{\376\377\0005\000.\0001\000.\0003\000.\0001\000\040\000o\000p\000e\000r\000a\000t\000o\000r\000<\000<}{subsection.5.1.3}% 44
\BOOKMARK [3][-]{subsubsection.5.1.3.2}{\376\377\0005\000.\0001\000.\0003\000.\0002\000\040\000o\000p\000e\000r\000a\000t\000o\000r\000>\000>}{subsection.5.1.3}% 45
\BOOKMARK [2][-]{subsection.5.1.4}{\376\377\0005\000.\0001\000.\0004\000\040\000M\000e\000m\000b\000e\000r\000\040\000D\000a\000t\000a\000\040\000D\000o\000c\000u\000m\000e\000n\000t\000a\000t\000i\000o\000n}{section.5.1}% 46
\BOOKMARK [3][-]{subsubsection.5.1.4.1}{\376\377\0005\000.\0001\000.\0004\000.\0001\000\040\000e\000g\000r\000e\000z}{subsection.5.1.4}% 47
\BOOKMARK [3][-]{subsubsection.5.1.4.2}{\376\377\0005\000.\0001\000.\0004\000.\0002\000\040\000e\000g\000r\000e\000z\000\137}{subsection.5.1.4}% 48
\BOOKMARK [3][-]{subsubsection.5.1.4.3}{\376\377\0005\000.\0001\000.\0004\000.\0003\000\040\000g\000a\000l}{subsection.5.1.4}% 49
\BOOKMARK [3][-]{subsubsection.5.1.4.4}{\376\377\0005\000.\0001\000.\0004\000.\0004\000\040\000g\000a\000l\000\137}{subsection.5.1.4}% 50
\BOOKMARK [3][-]{subsubsection.5.1.4.5}{\376\377\0005\000.\0001\000.\0004\000.\0005\000\040\000m\000e\000d}{subsection.5.1.4}% 51
\BOOKMARK [3][-]{subsubsection.5.1.4.6}{\376\377\0005\000.\0001\000.\0004\000.\0006\000\040\000m\000e\000d\000\137}{subsection.5.1.4}% 52
\BOOKMARK [3][-]{subsubsection.5.1.4.7}{\376\377\0005\000.\0001\000.\0004\000.\0007\000\040\000n\000d\000v\000i\000d}{subsection.5.1.4}% 53
\BOOKMARK [3][-]{subsubsection.5.1.4.8}{\376\377\0005\000.\0001\000.\0004\000.\0008\000\040\000n\000d\000v\000i\000d\000\137}{subsection.5.1.4}% 54
\BOOKMARK [3][-]{subsubsection.5.1.4.9}{\376\377\0005\000.\0001\000.\0004\000.\0009\000\040\000P}{subsection.5.1.4}% 55
\BOOKMARK [3][-]{subsubsection.5.1.4.10}{\376\377\0005\000.\0001\000.\0004\000.\0001\0000\000\040\000p\000a\000v}{subsection.5.1.4}% 56
\BOOKMARK [3][-]{subsubsection.5.1.4.11}{\376\377\0005\000.\0001\000.\0004\000.\0001\0001\000\040\000p\000a\000z}{subsection.5.1.4}% 57
\BOOKMARK [3][-]{subsubsection.5.1.4.12}{\376\377\0005\000.\0001\000.\0004\000.\0001\0002\000\040\000p\000a\000z\000\137}{subsection.5.1.4}% 58
\BOOKMARK [3][-]{subsubsection.5.1.4.13}{\376\377\0005\000.\0001\000.\0004\000.\0001\0003\000\040\000p\000a\000z\000k\000i\000e\000k}{subsection.5.1.4}% 59
\BOOKMARK [3][-]{subsubsection.5.1.4.14}{\376\377\0005\000.\0001\000.\0004\000.\0001\0004\000\040\000v\000a\000r}{subsection.5.1.4}% 60
\BOOKMARK [1][-]{section.5.2}{\376\377\0005\000.\0002\000\040\000Z\000m\000o\000g\000u\000s\000\040\000C\000l\000a\000s\000s\000\040\000R\000e\000f\000e\000r\000e\000n\000c\000e}{chapter.5}% 61
\BOOKMARK [2][-]{subsection.5.2.1}{\376\377\0005\000.\0002\000.\0001\000\040\000C\000o\000n\000s\000t\000r\000u\000c\000t\000o\000r\000\040\000\046\000\040\000D\000e\000s\000t\000r\000u\000c\000t\000o\000r\000\040\000D\000o\000c\000u\000m\000e\000n\000t\000a\000t\000i\000o\000n}{section.5.2}% 62
\BOOKMARK [3][-]{subsubsection.5.2.1.1}{\376\377\0005\000.\0002\000.\0001\000.\0001\000\040\000Z\000m\000o\000g\000u\000s\000\050\000\051\000\040\000[\0001\000/\0002\000]}{subsection.5.2.1}% 63
\BOOKMARK [3][-]{subsubsection.5.2.1.2}{\376\377\0005\000.\0002\000.\0001\000.\0002\000\040\000Z\000m\000o\000g\000u\000s\000\050\000\051\000\040\000[\0002\000/\0002\000]}{subsection.5.2.1}% 64
\BOOKMARK [3][-]{subsubsection.5.2.1.3}{\376\377\0005\000.\0002\000.\0001\000.\0003\000\040\000~\000Z\000m\000o\000g\000u\000s\000\050\000\051}{subsection.5.2.1}% 65
\BOOKMARK [2][-]{subsection.5.2.2}{\376\377\0005\000.\0002\000.\0002\000\040\000M\000e\000m\000b\000e\000r\000\040\000F\000u\000n\000c\000t\000i\000o\000n\000\040\000D\000o\000c\000u\000m\000e\000n\000t\000a\000t\000i\000o\000n}{section.5.2}% 66
\BOOKMARK [3][-]{subsubsection.5.2.2.1}{\376\377\0005\000.\0002\000.\0002\000.\0001\000\040\000g\000e\000t\000P\000a\000v\000a\000r\000d\000e\000\050\000\051}{subsection.5.2.2}% 67
\BOOKMARK [3][-]{subsubsection.5.2.2.2}{\376\377\0005\000.\0002\000.\0002\000.\0002\000\040\000g\000e\000t\000V\000a\000r\000d\000a\000s\000\050\000\051}{subsection.5.2.2}% 68
\BOOKMARK [3][-]{subsubsection.5.2.2.3}{\376\377\0005\000.\0002\000.\0002\000.\0003\000\040\000p\000r\000i\000n\000t\000\050\000\051}{subsection.5.2.2}% 69
\BOOKMARK [3][-]{subsubsection.5.2.2.4}{\376\377\0005\000.\0002\000.\0002\000.\0004\000\040\000r\000e\000a\000d\000\050\000\051}{subsection.5.2.2}% 70
\BOOKMARK [2][-]{subsection.5.2.3}{\376\377\0005\000.\0002\000.\0003\000\040\000M\000e\000m\000b\000e\000r\000\040\000D\000a\000t\000a\000\040\000D\000o\000c\000u\000m\000e\000n\000t\000a\000t\000i\000o\000n}{section.5.2}% 71
\BOOKMARK [3][-]{subsubsection.5.2.3.1}{\376\377\0005\000.\0002\000.\0003\000.\0001\000\040\000p\000a\000v\000\137}{subsection.5.2.3}% 72
\BOOKMARK [3][-]{subsubsection.5.2.3.2}{\376\377\0005\000.\0002\000.\0003\000.\0002\000\040\000v\000a\000r\000\137}{subsection.5.2.3}% 73
\BOOKMARK [0][-]{chapter.6}{\376\377\0006\000\040\000F\000i\000l\000e\000\040\000D\000o\000c\000u\000m\000e\000n\000t\000a\000t\000i\000o\000n}{}% 74
\BOOKMARK [1][-]{section.6.1}{\376\377\0006\000.\0001\000\040\000d\000e\000q\000u\000e\000/\000d\000e\000q\000u\000e\000f\000u\000n\000k\000.\000c\000p\000p\000\040\000F\000i\000l\000e\000\040\000R\000e\000f\000e\000r\000e\000n\000c\000e}{chapter.6}% 75
\BOOKMARK [2][-]{subsection.6.1.1}{\376\377\0006\000.\0001\000.\0001\000\040\000F\000u\000n\000c\000t\000i\000o\000n\000\040\000D\000o\000c\000u\000m\000e\000n\000t\000a\000t\000i\000o\000n}{section.6.1}% 76
\BOOKMARK [3][-]{subsubsection.6.1.1.1}{\376\377\0006\000.\0001\000.\0001\000.\0001\000\040\000a\000t\000r\000i\000n\000k\000i\000m\000a\000s\0001\000\050\000\051}{subsection.6.1.1}% 77
\BOOKMARK [3][-]{subsubsection.6.1.1.2}{\376\377\0006\000.\0001\000.\0001\000.\0002\000\040\000a\000t\000r\000i\000n\000k\000i\000m\000a\000s\0002\000\050\000\051}{subsection.6.1.1}% 78
\BOOKMARK [3][-]{subsubsection.6.1.1.3}{\376\377\0006\000.\0001\000.\0001\000.\0003\000\040\000a\000t\000r\000i\000n\000k\000i\000m\000a\000s\0003\000\050\000\051}{subsection.6.1.1}% 79
\BOOKMARK [3][-]{subsubsection.6.1.1.4}{\376\377\0006\000.\0001\000.\0001\000.\0004\000\040\000f\000a\000i\000l\000a\000s\000e\000g\000z\000i\000s\000t\000u\000o\000j\000a\000\050\000\051}{subsection.6.1.1}% 80
\BOOKMARK [3][-]{subsubsection.6.1.1.5}{\376\377\0006\000.\0001\000.\0001\000.\0005\000\040\000f\000a\000i\000l\000o\000g\000e\000n\000\050\000\051}{subsection.6.1.1}% 81
\BOOKMARK [3][-]{subsubsection.6.1.1.6}{\376\377\0006\000.\0001\000.\0001\000.\0006\000\040\000g\000a\000u\000t\000t\000e\000i\000s\000i\000n\000g\000a\000\050\000\051}{subsection.6.1.1}% 82
\BOOKMARK [3][-]{subsubsection.6.1.1.7}{\376\377\0006\000.\0001\000.\0001\000.\0007\000\040\000i\000s\000v\000e\000d\000i\000m\000a\000s\000\050\000\051}{subsection.6.1.1}% 83
\BOOKMARK [3][-]{subsubsection.6.1.1.8}{\376\377\0006\000.\0001\000.\0001\000.\0008\000\040\000o\000p\000e\000r\000a\000t\000o\000r\000<\000<\000\050\000\051}{subsection.6.1.1}% 84
\BOOKMARK [3][-]{subsubsection.6.1.1.9}{\376\377\0006\000.\0001\000.\0001\000.\0009\000\040\000o\000p\000e\000r\000a\000t\000o\000r\000>\000>\000\050\000\051}{subsection.6.1.1}% 85
\BOOKMARK [3][-]{subsubsection.6.1.1.10}{\376\377\0006\000.\0001\000.\0001\000.\0001\0000\000\040\000p\000r\000o\000c\000e\000s\000s\000B\000a\000t\000c\000h\000\050\000\051}{subsection.6.1.1}% 86
\BOOKMARK [3][-]{subsubsection.6.1.1.11}{\376\377\0006\000.\0001\000.\0001\000.\0001\0001\000\040\000r\000n\000g\000\050\000\051\000\040\000[\0001\000/\0003\000]}{subsection.6.1.1}% 87
\BOOKMARK [3][-]{subsubsection.6.1.1.12}{\376\377\0006\000.\0001\000.\0001\000.\0001\0002\000\040\000r\000n\000g\000\050\000\051\000\040\000[\0002\000/\0003\000]}{subsection.6.1.1}% 88
\BOOKMARK [3][-]{subsubsection.6.1.1.13}{\376\377\0006\000.\0001\000.\0001\000.\0001\0003\000\040\000r\000n\000g\000\050\000\051\000\040\000[\0003\000/\0003\000]}{subsection.6.1.1}% 89
\BOOKMARK [3][-]{subsubsection.6.1.1.14}{\376\377\0006\000.\0001\000.\0001\000.\0001\0004\000\040\000s\000k\000a\000i\000t\000y\000m\000a\000s\000\050\000\051}{subsection.6.1.1}% 90
\BOOKMARK [3][-]{subsubsection.6.1.1.15}{\376\377\0006\000.\0001\000.\0001\000.\0001\0005\000\040\000s\000o\000r\000t\000G\000a\000l\000\050\000\051}{subsection.6.1.1}% 91
\BOOKMARK [3][-]{subsubsection.6.1.1.16}{\376\377\0006\000.\0001\000.\0001\000.\0001\0006\000\040\000s\000o\000r\000t\000M\000e\000d\000\050\000\051}{subsection.6.1.1}% 92
\BOOKMARK [3][-]{subsubsection.6.1.1.17}{\376\377\0006\000.\0001\000.\0001\000.\0001\0007\000\040\000s\000o\000r\000t\000P\000a\000v\000\050\000\051}{subsection.6.1.1}% 93
\BOOKMARK [3][-]{subsubsection.6.1.1.18}{\376\377\0006\000.\0001\000.\0001\000.\0001\0008\000\040\000s\000o\000r\000t\000V\000a\000r\000d\000u\000\050\000\051}{subsection.6.1.1}% 94
\BOOKMARK [2][-]{subsection.6.1.2}{\376\377\0006\000.\0001\000.\0002\000\040\000V\000a\000r\000i\000a\000b\000l\000e\000\040\000D\000o\000c\000u\000m\000e\000n\000t\000a\000t\000i\000o\000n}{section.6.1}% 95
\BOOKMARK [3][-]{subsubsection.6.1.2.1}{\376\377\0006\000.\0001\000.\0002\000.\0001\000\040\000g\000\137\000p\000r\000i\000n\000t\000M\000o\000d\000e}{subsection.6.1.2}% 96
\BOOKMARK [1][-]{section.6.2}{\376\377\0006\000.\0002\000\040\000d\000e\000q\000u\000e\000/\000d\000e\000q\000u\000e\000h\000.\000h\000\040\000F\000i\000l\000e\000\040\000R\000e\000f\000e\000r\000e\000n\000c\000e}{chapter.6}% 97
\BOOKMARK [2][-]{subsection.6.2.1}{\376\377\0006\000.\0002\000.\0001\000\040\000F\000u\000n\000c\000t\000i\000o\000n\000\040\000D\000o\000c\000u\000m\000e\000n\000t\000a\000t\000i\000o\000n}{section.6.2}% 98
\BOOKMARK [3][-]{subsubsection.6.2.1.1}{\376\377\0006\000.\0002\000.\0001\000.\0001\000\040\000a\000t\000r\000i\000n\000k\000i\000m\000a\000s\0001\000\050\000\051}{subsection.6.2.1}% 99
\BOOKMARK [3][-]{subsubsection.6.2.1.2}{\376\377\0006\000.\0002\000.\0001\000.\0002\000\040\000a\000t\000r\000i\000n\000k\000i\000m\000a\000s\0002\000\050\000\051}{subsection.6.2.1}% 100
\BOOKMARK [3][-]{subsubsection.6.2.1.3}{\376\377\0006\000.\0002\000.\0001\000.\0003\000\040\000a\000t\000r\000i\000n\000k\000i\000m\000a\000s\0003\000\050\000\051}{subsection.6.2.1}% 101
\BOOKMARK [3][-]{subsubsection.6.2.1.4}{\376\377\0006\000.\0002\000.\0001\000.\0004\000\040\000f\000a\000i\000l\000o\000g\000e\000n\000\050\000\051}{subsection.6.2.1}% 102
\BOOKMARK [3][-]{subsubsection.6.2.1.5}{\376\377\0006\000.\0002\000.\0001\000.\0005\000\040\000g\000a\000l\000v\000i\000d\000\050\000\051}{subsection.6.2.1}% 103
\BOOKMARK [3][-]{subsubsection.6.2.1.6}{\376\377\0006\000.\0002\000.\0001\000.\0006\000\040\000g\000a\000u\000t\000t\000e\000i\000s\000i\000n\000g\000a\000\050\000\051}{subsection.6.2.1}% 104
\BOOKMARK [3][-]{subsubsection.6.2.1.7}{\376\377\0006\000.\0002\000.\0001\000.\0007\000\040\000i\000s\000v\000e\000d\000i\000m\000a\000s\000\050\000\051}{subsection.6.2.1}% 105
\BOOKMARK [3][-]{subsubsection.6.2.1.8}{\376\377\0006\000.\0002\000.\0001\000.\0008\000\040\000m\000e\000d\000i\000a\000n\000a\000\050\000\051}{subsection.6.2.1}% 106
\BOOKMARK [3][-]{subsubsection.6.2.1.9}{\376\377\0006\000.\0002\000.\0001\000.\0009\000\040\000n\000d\000v\000i\000d\000\050\000\051}{subsection.6.2.1}% 107
\BOOKMARK [3][-]{subsubsection.6.2.1.10}{\376\377\0006\000.\0002\000.\0001\000.\0001\0000\000\040\000o\000p\000e\000r\000a\000t\000o\000r\000<\000<\000\050\000\051}{subsection.6.2.1}% 108
\BOOKMARK [3][-]{subsubsection.6.2.1.11}{\376\377\0006\000.\0002\000.\0001\000.\0001\0001\000\040\000o\000p\000e\000r\000a\000t\000o\000r\000>\000>\000\050\000\051}{subsection.6.2.1}% 109
\BOOKMARK [3][-]{subsubsection.6.2.1.12}{\376\377\0006\000.\0002\000.\0001\000.\0001\0002\000\040\000p\000r\000o\000c\000e\000s\000s\000B\000a\000t\000c\000h\000\050\000\051}{subsection.6.2.1}% 110
\BOOKMARK [3][-]{subsubsection.6.2.1.13}{\376\377\0006\000.\0002\000.\0001\000.\0001\0003\000\040\000r\000n\000g\000\050\000\051\000\040\000[\0001\000/\0003\000]}{subsection.6.2.1}% 111
\BOOKMARK [3][-]{subsubsection.6.2.1.14}{\376\377\0006\000.\0002\000.\0001\000.\0001\0004\000\040\000r\000n\000g\000\050\000\051\000\040\000[\0002\000/\0003\000]}{subsection.6.2.1}% 112
\BOOKMARK [3][-]{subsubsection.6.2.1.15}{\376\377\0006\000.\0002\000.\0001\000.\0001\0005\000\040\000r\000n\000g\000\050\000\051\000\040\000[\0003\000/\0003\000]}{subsection.6.2.1}% 113
\BOOKMARK [3][-]{subsubsection.6.2.1.16}{\376\377\0006\000.\0002\000.\0001\000.\0001\0006\000\040\000s\000k\000a\000i\000t\000y\000m\000a\000s\000\050\000\051}{subsection.6.2.1}% 114
\BOOKMARK [3][-]{subsubsection.6.2.1.17}{\376\377\0006\000.\0002\000.\0001\000.\0001\0007\000\040\000s\000o\000r\000t\000G\000a\000l\000\050\000\051}{subsection.6.2.1}% 115
\BOOKMARK [3][-]{subsubsection.6.2.1.18}{\376\377\0006\000.\0002\000.\0001\000.\0001\0008\000\040\000s\000o\000r\000t\000M\000e\000d\000\050\000\051}{subsection.6.2.1}% 116
\BOOKMARK [3][-]{subsubsection.6.2.1.19}{\376\377\0006\000.\0002\000.\0001\000.\0001\0009\000\040\000s\000o\000r\000t\000P\000a\000v\000\050\000\051}{subsection.6.2.1}% 117
\BOOKMARK [3][-]{subsubsection.6.2.1.20}{\376\377\0006\000.\0002\000.\0001\000.\0002\0000\000\040\000s\000o\000r\000t\000V\000a\000r\000d\000u\000\050\000\051}{subsection.6.2.1}% 118
\BOOKMARK [2][-]{subsection.6.2.2}{\376\377\0006\000.\0002\000.\0002\000\040\000V\000a\000r\000i\000a\000b\000l\000e\000\040\000D\000o\000c\000u\000m\000e\000n\000t\000a\000t\000i\000o\000n}{section.6.2}% 119
\BOOKMARK [3][-]{subsubsection.6.2.2.1}{\376\377\0006\000.\0002\000.\0002\000.\0001\000\040\000p\000a\000v\000a\000r\000d\000e\000s}{subsection.6.2.2}% 120
\BOOKMARK [3][-]{subsubsection.6.2.2.2}{\376\377\0006\000.\0002\000.\0002\000.\0002\000\040\000v\000a\000r\000d\000a\000i}{subsection.6.2.2}% 121
\BOOKMARK [1][-]{section.6.3}{\376\377\0006\000.\0003\000\040\000d\000e\000q\000u\000e\000h\000.\000h}{chapter.6}% 122
\BOOKMARK [1][-]{section.6.4}{\376\377\0006\000.\0004\000\040\000d\000e\000q\000u\000e\000/\000d\000e\000q\000u\000e\000m\000a\000i\000n\000.\000c\000p\000p\000\040\000F\000i\000l\000e\000\040\000R\000e\000f\000e\000r\000e\000n\000c\000e}{chapter.6}% 123
\BOOKMARK [2][-]{subsection.6.4.1}{\376\377\0006\000.\0004\000.\0001\000\040\000F\000u\000n\000c\000t\000i\000o\000n\000\040\000D\000o\000c\000u\000m\000e\000n\000t\000a\000t\000i\000o\000n}{section.6.4}% 124
\BOOKMARK [3][-]{subsubsection.6.4.1.1}{\376\377\0006\000.\0004\000.\0001\000.\0001\000\040\000m\000a\000i\000n\000\050\000\051}{subsection.6.4.1}% 125
\BOOKMARK [1][-]{section.6.5}{\376\377\0006\000.\0005\000\040\000d\000e\000q\000u\000e\000/\000t\000e\000s\000t\000.\000c\000p\000p\000\040\000F\000i\000l\000e\000\040\000R\000e\000f\000e\000r\000e\000n\000c\000e}{chapter.6}% 126
\BOOKMARK [2][-]{subsection.6.5.1}{\376\377\0006\000.\0005\000.\0001\000\040\000F\000u\000n\000c\000t\000i\000o\000n\000\040\000D\000o\000c\000u\000m\000e\000n\000t\000a\000t\000i\000o\000n}{section.6.5}% 127
\BOOKMARK [3][-]{subsubsection.6.5.1.1}{\376\377\0006\000.\0005\000.\0001\000.\0001\000\040\000m\000a\000i\000n\000\050\000\051}{subsection.6.5.1}% 128
\BOOKMARK [3][-]{subsubsection.6.5.1.2}{\376\377\0006\000.\0005\000.\0001\000.\0002\000\040\000t\000e\000s\000t\000\137\000i\000o\000\050\000\051}{subsection.6.5.1}% 129
\BOOKMARK [3][-]{subsubsection.6.5.1.3}{\376\377\0006\000.\0005\000.\0001\000.\0003\000\040\000t\000e\000s\000t\000\137\000r\000u\000l\000e\000\137\000o\000f\000\137\000f\000i\000v\000e\000\050\000\051}{subsection.6.5.1}% 130
\BOOKMARK [1][-]{section.6.6}{\376\377\0006\000.\0006\000\040\000l\000i\000s\000t\000/\000l\000i\000s\000t\000f\000u\000n\000k\000.\000c\000p\000p\000\040\000F\000i\000l\000e\000\040\000R\000e\000f\000e\000r\000e\000n\000c\000e}{chapter.6}% 131
\BOOKMARK [2][-]{subsection.6.6.1}{\376\377\0006\000.\0006\000.\0001\000\040\000F\000u\000n\000c\000t\000i\000o\000n\000\040\000D\000o\000c\000u\000m\000e\000n\000t\000a\000t\000i\000o\000n}{section.6.6}% 132
\BOOKMARK [3][-]{subsubsection.6.6.1.1}{\376\377\0006\000.\0006\000.\0001\000.\0001\000\040\000a\000t\000r\000i\000n\000k\000i\000m\000a\000s\0001\000\050\000\051}{subsection.6.6.1}% 133
\BOOKMARK [3][-]{subsubsection.6.6.1.2}{\376\377\0006\000.\0006\000.\0001\000.\0002\000\040\000a\000t\000r\000i\000n\000k\000i\000m\000a\000s\0002\000\050\000\051}{subsection.6.6.1}% 134
\BOOKMARK [3][-]{subsubsection.6.6.1.3}{\376\377\0006\000.\0006\000.\0001\000.\0003\000\040\000a\000t\000r\000i\000n\000k\000i\000m\000a\000s\0003\000\050\000\051}{subsection.6.6.1}% 135
\BOOKMARK [3][-]{subsubsection.6.6.1.4}{\376\377\0006\000.\0006\000.\0001\000.\0004\000\040\000f\000a\000i\000l\000a\000s\000e\000g\000z\000i\000s\000t\000u\000o\000j\000a\000\050\000\051}{subsection.6.6.1}% 136
\BOOKMARK [3][-]{subsubsection.6.6.1.5}{\376\377\0006\000.\0006\000.\0001\000.\0005\000\040\000f\000a\000i\000l\000o\000g\000e\000n\000\050\000\051}{subsection.6.6.1}% 137
\BOOKMARK [3][-]{subsubsection.6.6.1.6}{\376\377\0006\000.\0006\000.\0001\000.\0006\000\040\000g\000a\000l\000v\000i\000d\000\050\000\051}{subsection.6.6.1}% 138
\BOOKMARK [3][-]{subsubsection.6.6.1.7}{\376\377\0006\000.\0006\000.\0001\000.\0007\000\040\000g\000a\000u\000t\000t\000e\000i\000s\000i\000n\000g\000a\000\050\000\051}{subsection.6.6.1}% 139
\BOOKMARK [3][-]{subsubsection.6.6.1.8}{\376\377\0006\000.\0006\000.\0001\000.\0008\000\040\000i\000s\000v\000e\000d\000i\000m\000a\000s\000\050\000\051}{subsection.6.6.1}% 140
\BOOKMARK [3][-]{subsubsection.6.6.1.9}{\376\377\0006\000.\0006\000.\0001\000.\0009\000\040\000m\000e\000d\000i\000a\000n\000a\000\050\000\051}{subsection.6.6.1}% 141
\BOOKMARK [3][-]{subsubsection.6.6.1.10}{\376\377\0006\000.\0006\000.\0001\000.\0001\0000\000\040\000n\000d\000v\000i\000d\000\050\000\051}{subsection.6.6.1}% 142
\BOOKMARK [3][-]{subsubsection.6.6.1.11}{\376\377\0006\000.\0006\000.\0001\000.\0001\0001\000\040\000p\000r\000o\000c\000e\000s\000s\000B\000a\000t\000c\000h\000\050\000\051}{subsection.6.6.1}% 143
\BOOKMARK [3][-]{subsubsection.6.6.1.12}{\376\377\0006\000.\0006\000.\0001\000.\0001\0002\000\040\000r\000n\000g\000\050\000\051\000\040\000[\0001\000/\0003\000]}{subsection.6.6.1}% 144
\BOOKMARK [3][-]{subsubsection.6.6.1.13}{\376\377\0006\000.\0006\000.\0001\000.\0001\0003\000\040\000r\000n\000g\000\050\000\051\000\040\000[\0002\000/\0003\000]}{subsection.6.6.1}% 145
\BOOKMARK [3][-]{subsubsection.6.6.1.14}{\376\377\0006\000.\0006\000.\0001\000.\0001\0004\000\040\000r\000n\000g\000\050\000\051\000\040\000[\0003\000/\0003\000]}{subsection.6.6.1}% 146
\BOOKMARK [3][-]{subsubsection.6.6.1.15}{\376\377\0006\000.\0006\000.\0001\000.\0001\0005\000\040\000s\000k\000a\000i\000t\000y\000m\000a\000s\000\050\000\051}{subsection.6.6.1}% 147
\BOOKMARK [3][-]{subsubsection.6.6.1.16}{\376\377\0006\000.\0006\000.\0001\000.\0001\0006\000\040\000s\000o\000r\000t\000G\000a\000l\000\050\000\051}{subsection.6.6.1}% 148
\BOOKMARK [3][-]{subsubsection.6.6.1.17}{\376\377\0006\000.\0006\000.\0001\000.\0001\0007\000\040\000s\000o\000r\000t\000M\000e\000d\000\050\000\051}{subsection.6.6.1}% 149
\BOOKMARK [3][-]{subsubsection.6.6.1.18}{\376\377\0006\000.\0006\000.\0001\000.\0001\0008\000\040\000s\000o\000r\000t\000P\000a\000v\000\050\000\051}{subsection.6.6.1}% 150
\BOOKMARK [3][-]{subsubsection.6.6.1.19}{\376\377\0006\000.\0006\000.\0001\000.\0001\0009\000\040\000s\000o\000r\000t\000V\000a\000r\000d\000u\000\050\000\051}{subsection.6.6.1}% 151
\BOOKMARK [1][-]{section.6.7}{\376\377\0006\000.\0007\000\040\000l\000i\000s\000t\000/\000l\000i\000s\000t\000h\000.\000h\000\040\000F\000i\000l\000e\000\040\000R\000e\000f\000e\000r\000e\000n\000c\000e}{chapter.6}% 152
\BOOKMARK [2][-]{subsection.6.7.1}{\376\377\0006\000.\0007\000.\0001\000\040\000F\000u\000n\000c\000t\000i\000o\000n\000\040\000D\000o\000c\000u\000m\000e\000n\000t\000a\000t\000i\000o\000n}{section.6.7}% 153
\BOOKMARK [3][-]{subsubsection.6.7.1.1}{\376\377\0006\000.\0007\000.\0001\000.\0001\000\040\000a\000t\000r\000i\000n\000k\000i\000m\000a\000s\0001\000\050\000\051}{subsection.6.7.1}% 154
\BOOKMARK [3][-]{subsubsection.6.7.1.2}{\376\377\0006\000.\0007\000.\0001\000.\0002\000\040\000a\000t\000r\000i\000n\000k\000i\000m\000a\000s\0002\000\050\000\051}{subsection.6.7.1}% 155
\BOOKMARK [3][-]{subsubsection.6.7.1.3}{\376\377\0006\000.\0007\000.\0001\000.\0003\000\040\000a\000t\000r\000i\000n\000k\000i\000m\000a\000s\0003\000\050\000\051}{subsection.6.7.1}% 156
\BOOKMARK [3][-]{subsubsection.6.7.1.4}{\376\377\0006\000.\0007\000.\0001\000.\0004\000\040\000f\000a\000i\000l\000o\000g\000e\000n\000\050\000\051}{subsection.6.7.1}% 157
\BOOKMARK [3][-]{subsubsection.6.7.1.5}{\376\377\0006\000.\0007\000.\0001\000.\0005\000\040\000g\000a\000l\000v\000i\000d\000\050\000\051}{subsection.6.7.1}% 158
\BOOKMARK [3][-]{subsubsection.6.7.1.6}{\376\377\0006\000.\0007\000.\0001\000.\0006\000\040\000g\000a\000u\000t\000t\000e\000i\000s\000i\000n\000g\000a\000\050\000\051}{subsection.6.7.1}% 159
\BOOKMARK [3][-]{subsubsection.6.7.1.7}{\376\377\0006\000.\0007\000.\0001\000.\0007\000\040\000i\000s\000v\000e\000d\000i\000m\000a\000s\000\050\000\051}{subsection.6.7.1}% 160
\BOOKMARK [3][-]{subsubsection.6.7.1.8}{\376\377\0006\000.\0007\000.\0001\000.\0008\000\040\000m\000e\000d\000i\000a\000n\000a\000\050\000\051}{subsection.6.7.1}% 161
\BOOKMARK [3][-]{subsubsection.6.7.1.9}{\376\377\0006\000.\0007\000.\0001\000.\0009\000\040\000n\000d\000v\000i\000d\000\050\000\051}{subsection.6.7.1}% 162
\BOOKMARK [3][-]{subsubsection.6.7.1.10}{\376\377\0006\000.\0007\000.\0001\000.\0001\0000\000\040\000p\000r\000o\000c\000e\000s\000s\000B\000a\000t\000c\000h\000\050\000\051}{subsection.6.7.1}% 163
\BOOKMARK [3][-]{subsubsection.6.7.1.11}{\376\377\0006\000.\0007\000.\0001\000.\0001\0001\000\040\000r\000n\000g\000\050\000\051\000\040\000[\0001\000/\0003\000]}{subsection.6.7.1}% 164
\BOOKMARK [3][-]{subsubsection.6.7.1.12}{\376\377\0006\000.\0007\000.\0001\000.\0001\0002\000\040\000r\000n\000g\000\050\000\051\000\040\000[\0002\000/\0003\000]}{subsection.6.7.1}% 165
\BOOKMARK [3][-]{subsubsection.6.7.1.13}{\376\377\0006\000.\0007\000.\0001\000.\0001\0003\000\040\000r\000n\000g\000\050\000\051\000\040\000[\0003\000/\0003\000]}{subsection.6.7.1}% 166
\BOOKMARK [3][-]{subsubsection.6.7.1.14}{\376\377\0006\000.\0007\000.\0001\000.\0001\0004\000\040\000s\000k\000a\000i\000t\000y\000m\000a\000s\000\050\000\051}{subsection.6.7.1}% 167
\BOOKMARK [3][-]{subsubsection.6.7.1.15}{\376\377\0006\000.\0007\000.\0001\000.\0001\0005\000\040\000s\000o\000r\000t\000G\000a\000l\000\050\000\051}{subsection.6.7.1}% 168
\BOOKMARK [3][-]{subsubsection.6.7.1.16}{\376\377\0006\000.\0007\000.\0001\000.\0001\0006\000\040\000s\000o\000r\000t\000M\000e\000d\000\050\000\051}{subsection.6.7.1}% 169
\BOOKMARK [3][-]{subsubsection.6.7.1.17}{\376\377\0006\000.\0007\000.\0001\000.\0001\0007\000\040\000s\000o\000r\000t\000P\000a\000v\000\050\000\051}{subsection.6.7.1}% 170
\BOOKMARK [3][-]{subsubsection.6.7.1.18}{\376\377\0006\000.\0007\000.\0001\000.\0001\0008\000\040\000s\000o\000r\000t\000V\000a\000r\000d\000u\000\050\000\051}{subsection.6.7.1}% 171
\BOOKMARK [2][-]{subsection.6.7.2}{\376\377\0006\000.\0007\000.\0002\000\040\000V\000a\000r\000i\000a\000b\000l\000e\000\040\000D\000o\000c\000u\000m\000e\000n\000t\000a\000t\000i\000o\000n}{section.6.7}% 172
\BOOKMARK [3][-]{subsubsection.6.7.2.1}{\376\377\0006\000.\0007\000.\0002\000.\0001\000\040\000p\000a\000v\000a\000r\000d\000e\000s}{subsection.6.7.2}% 173
\BOOKMARK [3][-]{subsubsection.6.7.2.2}{\376\377\0006\000.\0007\000.\0002\000.\0002\000\040\000v\000a\000r\000d\000a\000i}{subsection.6.7.2}% 174
\BOOKMARK [1][-]{section.6.8}{\376\377\0006\000.\0008\000\040\000l\000i\000s\000t\000h\000.\000h}{chapter.6}% 175
\BOOKMARK [1][-]{section.6.9}{\376\377\0006\000.\0009\000\040\000l\000i\000s\000t\000/\000l\000i\000s\000t\000m\000a\000i\000n\000.\000c\000p\000p\000\040\000F\000i\000l\000e\000\040\000R\000e\000f\000e\000r\000e\000n\000c\000e}{chapter.6}% 176
\BOOKMARK [2][-]{subsection.6.9.1}{\376\377\0006\000.\0009\000.\0001\000\040\000F\000u\000n\000c\000t\000i\000o\000n\000\040\000D\000o\000c\000u\000m\000e\000n\000t\000a\000t\000i\000o\000n}{section.6.9}% 177
\BOOKMARK [3][-]{subsubsection.6.9.1.1}{\376\377\0006\000.\0009\000.\0001\000.\0001\000\040\000m\000a\000i\000n\000\050\000\051}{subsection.6.9.1}% 178
\BOOKMARK [1][-]{section.6.10}{\376\377\0006\000.\0001\0000\000\040\000R\000E\000A\000D\000M\000E\000.\000m\000d\000\040\000F\000i\000l\000e\000\040\000R\000e\000f\000e\000r\000e\000n\000c\000e}{chapter.6}% 179
\BOOKMARK [1][-]{section.6.11}{\376\377\0006\000.\0001\0001\000\040\000v\000e\000c\000t\000o\000r\000/\000v\000e\000c\000t\000o\000r\000f\000u\000n\000k\000.\000c\000p\000p\000\040\000F\000i\000l\000e\000\040\000R\000e\000f\000e\000r\000e\000n\000c\000e}{chapter.6}% 180
\BOOKMARK [2][-]{subsection.6.11.1}{\376\377\0006\000.\0001\0001\000.\0001\000\040\000F\000u\000n\000c\000t\000i\000o\000n\000\040\000D\000o\000c\000u\000m\000e\000n\000t\000a\000t\000i\000o\000n}{section.6.11}% 181
\BOOKMARK [3][-]{subsubsection.6.11.1.1}{\376\377\0006\000.\0001\0001\000.\0001\000.\0001\000\040\000a\000t\000r\000i\000n\000k\000i\000m\000a\000s\0001\000\050\000\051}{subsection.6.11.1}% 182
\BOOKMARK [3][-]{subsubsection.6.11.1.2}{\376\377\0006\000.\0001\0001\000.\0001\000.\0002\000\040\000a\000t\000r\000i\000n\000k\000i\000m\000a\000s\0002\000\050\000\051}{subsection.6.11.1}% 183
\BOOKMARK [3][-]{subsubsection.6.11.1.3}{\376\377\0006\000.\0001\0001\000.\0001\000.\0003\000\040\000a\000t\000r\000i\000n\000k\000i\000m\000a\000s\0003\000\050\000\051}{subsection.6.11.1}% 184
\BOOKMARK [3][-]{subsubsection.6.11.1.4}{\376\377\0006\000.\0001\0001\000.\0001\000.\0004\000\040\000f\000a\000i\000l\000a\000s\000e\000g\000z\000i\000s\000t\000u\000o\000j\000a\000\050\000\051}{subsection.6.11.1}% 185
\BOOKMARK [3][-]{subsubsection.6.11.1.5}{\376\377\0006\000.\0001\0001\000.\0001\000.\0005\000\040\000f\000a\000i\000l\000o\000g\000e\000n\000\050\000\051}{subsection.6.11.1}% 186
\BOOKMARK [3][-]{subsubsection.6.11.1.6}{\376\377\0006\000.\0001\0001\000.\0001\000.\0006\000\040\000g\000a\000l\000v\000i\000d\000\050\000\051}{subsection.6.11.1}% 187
\BOOKMARK [3][-]{subsubsection.6.11.1.7}{\376\377\0006\000.\0001\0001\000.\0001\000.\0007\000\040\000g\000a\000u\000t\000t\000e\000i\000s\000i\000n\000g\000a\000\050\000\051}{subsection.6.11.1}% 188
\BOOKMARK [3][-]{subsubsection.6.11.1.8}{\376\377\0006\000.\0001\0001\000.\0001\000.\0008\000\040\000i\000s\000v\000e\000d\000i\000m\000a\000s\000\050\000\051}{subsection.6.11.1}% 189
\BOOKMARK [3][-]{subsubsection.6.11.1.9}{\376\377\0006\000.\0001\0001\000.\0001\000.\0009\000\040\000m\000e\000d\000i\000a\000n\000a\000\050\000\051}{subsection.6.11.1}% 190
\BOOKMARK [3][-]{subsubsection.6.11.1.10}{\376\377\0006\000.\0001\0001\000.\0001\000.\0001\0000\000\040\000n\000d\000v\000i\000d\000\050\000\051}{subsection.6.11.1}% 191
\BOOKMARK [3][-]{subsubsection.6.11.1.11}{\376\377\0006\000.\0001\0001\000.\0001\000.\0001\0001\000\040\000p\000r\000o\000c\000e\000s\000s\000B\000a\000t\000c\000h\000\050\000\051}{subsection.6.11.1}% 192
\BOOKMARK [3][-]{subsubsection.6.11.1.12}{\376\377\0006\000.\0001\0001\000.\0001\000.\0001\0002\000\040\000r\000n\000g\000\050\000\051\000\040\000[\0001\000/\0003\000]}{subsection.6.11.1}% 193
\BOOKMARK [3][-]{subsubsection.6.11.1.13}{\376\377\0006\000.\0001\0001\000.\0001\000.\0001\0003\000\040\000r\000n\000g\000\050\000\051\000\040\000[\0002\000/\0003\000]}{subsection.6.11.1}% 194
\BOOKMARK [3][-]{subsubsection.6.11.1.14}{\376\377\0006\000.\0001\0001\000.\0001\000.\0001\0004\000\040\000r\000n\000g\000\050\000\051\000\040\000[\0003\000/\0003\000]}{subsection.6.11.1}% 195
\BOOKMARK [3][-]{subsubsection.6.11.1.15}{\376\377\0006\000.\0001\0001\000.\0001\000.\0001\0005\000\040\000s\000k\000a\000i\000t\000y\000m\000a\000s\000\050\000\051}{subsection.6.11.1}% 196
\BOOKMARK [3][-]{subsubsection.6.11.1.16}{\376\377\0006\000.\0001\0001\000.\0001\000.\0001\0006\000\040\000s\000o\000r\000t\000G\000a\000l\000\050\000\051}{subsection.6.11.1}% 197
\BOOKMARK [3][-]{subsubsection.6.11.1.17}{\376\377\0006\000.\0001\0001\000.\0001\000.\0001\0007\000\040\000s\000o\000r\000t\000M\000e\000d\000\050\000\051}{subsection.6.11.1}% 198
\BOOKMARK [3][-]{subsubsection.6.11.1.18}{\376\377\0006\000.\0001\0001\000.\0001\000.\0001\0008\000\040\000s\000o\000r\000t\000P\000a\000v\000\050\000\051}{subsection.6.11.1}% 199
\BOOKMARK [3][-]{subsubsection.6.11.1.19}{\376\377\0006\000.\0001\0001\000.\0001\000.\0001\0009\000\040\000s\000o\000r\000t\000V\000a\000r\000d\000u\000\050\000\051}{subsection.6.11.1}% 200
\BOOKMARK [1][-]{section.6.12}{\376\377\0006\000.\0001\0002\000\040\000v\000e\000c\000t\000o\000r\000/\000v\000e\000c\000t\000o\000r\000h\000.\000h\000\040\000F\000i\000l\000e\000\040\000R\000e\000f\000e\000r\000e\000n\000c\000e}{chapter.6}% 201
\BOOKMARK [2][-]{subsection.6.12.1}{\376\377\0006\000.\0001\0002\000.\0001\000\040\000F\000u\000n\000c\000t\000i\000o\000n\000\040\000D\000o\000c\000u\000m\000e\000n\000t\000a\000t\000i\000o\000n}{section.6.12}% 202
\BOOKMARK [3][-]{subsubsection.6.12.1.1}{\376\377\0006\000.\0001\0002\000.\0001\000.\0001\000\040\000a\000t\000r\000i\000n\000k\000i\000m\000a\000s\0001\000\050\000\051}{subsection.6.12.1}% 203
\BOOKMARK [3][-]{subsubsection.6.12.1.2}{\376\377\0006\000.\0001\0002\000.\0001\000.\0002\000\040\000a\000t\000r\000i\000n\000k\000i\000m\000a\000s\0002\000\050\000\051}{subsection.6.12.1}% 204
\BOOKMARK [3][-]{subsubsection.6.12.1.3}{\376\377\0006\000.\0001\0002\000.\0001\000.\0003\000\040\000a\000t\000r\000i\000n\000k\000i\000m\000a\000s\0003\000\050\000\051}{subsection.6.12.1}% 205
\BOOKMARK [3][-]{subsubsection.6.12.1.4}{\376\377\0006\000.\0001\0002\000.\0001\000.\0004\000\040\000f\000a\000i\000l\000o\000g\000e\000n\000\050\000\051}{subsection.6.12.1}% 206
\BOOKMARK [3][-]{subsubsection.6.12.1.5}{\376\377\0006\000.\0001\0002\000.\0001\000.\0005\000\040\000g\000a\000l\000v\000i\000d\000\050\000\051}{subsection.6.12.1}% 207
\BOOKMARK [3][-]{subsubsection.6.12.1.6}{\376\377\0006\000.\0001\0002\000.\0001\000.\0006\000\040\000g\000a\000u\000t\000t\000e\000i\000s\000i\000n\000g\000a\000\050\000\051}{subsection.6.12.1}% 208
\BOOKMARK [3][-]{subsubsection.6.12.1.7}{\376\377\0006\000.\0001\0002\000.\0001\000.\0007\000\040\000i\000s\000v\000e\000d\000i\000m\000a\000s\000\050\000\051}{subsection.6.12.1}% 209
\BOOKMARK [3][-]{subsubsection.6.12.1.8}{\376\377\0006\000.\0001\0002\000.\0001\000.\0008\000\040\000m\000e\000d\000i\000a\000n\000a\000\050\000\051}{subsection.6.12.1}% 210
\BOOKMARK [3][-]{subsubsection.6.12.1.9}{\376\377\0006\000.\0001\0002\000.\0001\000.\0009\000\040\000n\000d\000v\000i\000d\000\050\000\051}{subsection.6.12.1}% 211
\BOOKMARK [3][-]{subsubsection.6.12.1.10}{\376\377\0006\000.\0001\0002\000.\0001\000.\0001\0000\000\040\000p\000r\000o\000c\000e\000s\000s\000B\000a\000t\000c\000h\000\050\000\051}{subsection.6.12.1}% 212
\BOOKMARK [3][-]{subsubsection.6.12.1.11}{\376\377\0006\000.\0001\0002\000.\0001\000.\0001\0001\000\040\000r\000n\000g\000\050\000\051\000\040\000[\0001\000/\0003\000]}{subsection.6.12.1}% 213
\BOOKMARK [3][-]{subsubsection.6.12.1.12}{\376\377\0006\000.\0001\0002\000.\0001\000.\0001\0002\000\040\000r\000n\000g\000\050\000\051\000\040\000[\0002\000/\0003\000]}{subsection.6.12.1}% 214
\BOOKMARK [3][-]{subsubsection.6.12.1.13}{\376\377\0006\000.\0001\0002\000.\0001\000.\0001\0003\000\040\000r\000n\000g\000\050\000\051\000\040\000[\0003\000/\0003\000]}{subsection.6.12.1}% 215
\BOOKMARK [3][-]{subsubsection.6.12.1.14}{\376\377\0006\000.\0001\0002\000.\0001\000.\0001\0004\000\040\000s\000k\000a\000i\000t\000y\000m\000a\000s\000\050\000\051}{subsection.6.12.1}% 216
\BOOKMARK [3][-]{subsubsection.6.12.1.15}{\376\377\0006\000.\0001\0002\000.\0001\000.\0001\0005\000\040\000s\000o\000r\000t\000G\000a\000l\000\050\000\051}{subsection.6.12.1}% 217
\BOOKMARK [3][-]{subsubsection.6.12.1.16}{\376\377\0006\000.\0001\0002\000.\0001\000.\0001\0006\000\040\000s\000o\000r\000t\000M\000e\000d\000\050\000\051}{subsection.6.12.1}% 218
\BOOKMARK [3][-]{subsubsection.6.12.1.17}{\376\377\0006\000.\0001\0002\000.\0001\000.\0001\0007\000\040\000s\000o\000r\000t\000P\000a\000v\000\050\000\051}{subsection.6.12.1}% 219
\BOOKMARK [3][-]{subsubsection.6.12.1.18}{\376\377\0006\000.\0001\0002\000.\0001\000.\0001\0008\000\040\000s\000o\000r\000t\000V\000a\000r\000d\000u\000\050\000\051}{subsection.6.12.1}% 220
\BOOKMARK [2][-]{subsection.6.12.2}{\376\377\0006\000.\0001\0002\000.\0002\000\040\000V\000a\000r\000i\000a\000b\000l\000e\000\040\000D\000o\000c\000u\000m\000e\000n\000t\000a\000t\000i\000o\000n}{section.6.12}% 221
\BOOKMARK [3][-]{subsubsection.6.12.2.1}{\376\377\0006\000.\0001\0002\000.\0002\000.\0001\000\040\000p\000a\000v\000a\000r\000d\000e\000s}{subsection.6.12.2}% 222
\BOOKMARK [3][-]{subsubsection.6.12.2.2}{\376\377\0006\000.\0001\0002\000.\0002\000.\0002\000\040\000v\000a\000r\000d\000a\000i}{subsection.6.12.2}% 223
\BOOKMARK [1][-]{section.6.13}{\376\377\0006\000.\0001\0003\000\040\000v\000e\000c\000t\000o\000r\000h\000.\000h}{chapter.6}% 224
\BOOKMARK [1][-]{section.6.14}{\376\377\0006\000.\0001\0004\000\040\000v\000e\000c\000t\000o\000r\000/\000v\000e\000c\000t\000o\000r\000m\000a\000i\000n\000.\000c\000p\000p\000\040\000F\000i\000l\000e\000\040\000R\000e\000f\000e\000r\000e\000n\000c\000e}{chapter.6}% 225
\BOOKMARK [2][-]{subsection.6.14.1}{\376\377\0006\000.\0001\0004\000.\0001\000\040\000F\000u\000n\000c\000t\000i\000o\000n\000\040\000D\000o\000c\000u\000m\000e\000n\000t\000a\000t\000i\000o\000n}{section.6.14}% 226
\BOOKMARK [3][-]{subsubsection.6.14.1.1}{\376\377\0006\000.\0001\0004\000.\0001\000.\0001\000\040\000m\000a\000i\000n\000\050\000\051}{subsection.6.14.1}% 227
